<?xml version="1.0" encoding="UTF-8"?>
<testng-results ignored="0" total="1" passed="1" failed="0" skipped="0">
  <reporter-output>
  </reporter-output>
  <suite started-at="2024-12-09T14:31:38 IST" name="Default suite" finished-at="2024-12-09T14:38:03 IST" duration-ms="385452">
    <groups>
    </groups>
    <test started-at="2024-12-09T14:31:38 IST" name="Default test" finished-at="2024-12-09T14:38:03 IST" duration-ms="385452">
      <class name="Registered_Private_car.Private_car">
        <test-method is-config="true" signature="setup()[pri:0, instance:Registered_Private_car.Private_car@4fe01805]" started-at="2024-12-09T14:31:05 IST" name="setup" finished-at="2024-12-09T14:31:38 IST" duration-ms="32703" status="PASS">
          <reporter-output>
          </reporter-output>
        </test-method> <!-- setup -->
        <test-method is-config="true" signature="setReport()[pri:0, instance:Registered_Private_car.Private_car@4fe01805]" started-at="2024-12-09T14:31:38 IST" name="setReport" finished-at="2024-12-09T14:31:39 IST" duration-ms="994" status="PASS">
          <reporter-output>
          </reporter-output>
        </test-method> <!-- setReport -->
        <test-method signature="RegisteredCar(java.util.Hashtable,java.lang.reflect.Method)[pri:0, instance:Registered_Private_car.Private_car@4fe01805]" started-at="2024-12-09T14:31:39 IST" name="RegisteredCar" data-provider="dp" finished-at="2024-12-09T14:37:55 IST" duration-ms="375723" status="PASS">
          <params>
            <param index="0">
              <value>
                <![CDATA[{Test Case=Isuue Policy with Registred Vechile with Comprehensive Coverage, Vechcle Reg=JTQ3719, Quote Status=, PH ID=990803015587, Gross Premium=, Total Payable Premium=, Stamp Duty=, SST=, Vehicle Sum Insured=, Coverage Type=Comprehensive, NCD=, Quote Number=, Place Of Use=Johor, Act Premium=, Scenario=Registred Vechile, Extra Benefits Total=, Rebate=, Name As Per ID=Bala, Premium after NCD=, Basic Premium=, Driving Experience=2 - 5 years, Policy Number=, Sno=1.0}]]>
              </value>
            </param>
            <param index="1">
              <value>
                <![CDATA[public void Registered_Private_car.Private_car.RegisteredCar(java.util.Hashtable,java.lang.reflect.Method) throws java.lang.InterruptedException]]>
              </value>
            </param>
          </params>
          <reporter-output>
          </reporter-output>
        </test-method> <!-- RegisteredCar -->
        <test-method is-config="true" signature="tearDown(org.testng.ITestResult)[pri:0, instance:Registered_Private_car.Private_car@4fe01805]" started-at="2024-12-09T14:37:55 IST" name="tearDown" finished-at="2024-12-09T14:37:55 IST" duration-ms="134" status="PASS">
          <params>
            <param index="0">
              <value>
                <![CDATA[[TestResult name=RegisteredCar status=SUCCESS method=Private_car.RegisteredCar(java.util.Hashtable,java.lang.reflect.Method)[pri:0, instance:Registered_Private_car.Private_car@4fe01805] output={null}]]]>
              </value>
            </param>
          </params>
          <reporter-output>
          </reporter-output>
        </test-method> <!-- tearDown -->
        <test-method is-config="true" signature="endReport()[pri:0, instance:Registered_Private_car.Private_car@4fe01805]" started-at="2024-12-09T14:37:55 IST" name="endReport" finished-at="2024-12-09T14:38:03 IST" duration-ms="8221" status="PASS">
          <reporter-output>
          </reporter-output>
        </test-method> <!-- endReport -->
        <test-method is-config="true" signature="tearDown()[pri:0, instance:Registered_Private_car.Private_car@4fe01805]" started-at="2024-12-09T14:38:03 IST" name="tearDown" finished-at="2024-12-09T14:38:18 IST" duration-ms="14977" status="PASS">
          <reporter-output>
          </reporter-output>
        </test-method> <!-- tearDown -->
      </class> <!-- Registered_Private_car.Private_car -->
    </test> <!-- Default test -->
  </suite> <!-- Default suite -->
</testng-results>
